Flutter crash report.
Please report a bug at https://github.com/flutter/flutter/issues.

## command

flutter debug_adapter

## exception

RPCError: getIsolate: (-32603) Unexpected DWDS error for getIsolate: Bad state: No running isolate (inspector is not set).

```
#0      new _OutstandingRequest (package:vm_service/src/vm_service.dart:265:34)
#1      VmService._call.<anonymous closure> (package:vm_service/src/vm_service.dart:1921:25)
#2      VmService._call (package:vm_service/src/vm_service.dart:1933:8)
#3      VmService.getIsolate (package:vm_service/src/vm_service.dart:1009:7)
#4      IsolateManager._sendLibraryDebuggables (package:dds/src/dap/isolate_manager.dart:1034:35)
#5      IsolateManager._configureIsolate (package:dds/src/dap/isolate_manager.dart:555:9)
#6      IsolateManager.registerIsolate (package:dds/src/dap/isolate_manager.dart:246:13)
#7      IsolateManager.handleEvent (package:dds/src/dap/isolate_manager.dart:189:13)
#8      DartDebugAdapter.handleIsolateEvent (package:dds/src/dap/adapters/dart.dart:2488:26)
<asynchronous suspension>
#9      DartDebugAdapter._withErrorHandling (package:dds/src/dap/adapters/dart.dart:2819:14)
<asynchronous suspension>
```

## flutter doctor

```
[!] Flutter (Channel stable, 3.32.0, on Microsoft Windows [Versi¢n 10.0.26100.4061], locale es-CO) [608ms]
    • Flutter version 3.32.0 on channel stable at C:\Users\Aprendiz\Documents\examen\flutter
    ! The flutter binary is not on your path. Consider adding C:\Users\Aprendiz\Documents\examen\flutter\bin to your path.
    ! The dart binary is not on your path. Consider adding C:\Users\Aprendiz\Documents\examen\flutter\bin to your path.
    • Upstream repository https://github.com/flutter/flutter.git
    • Framework revision be698c48a6 (2 days ago), 2025-05-19 12:59:14 -0700
    • Engine revision 1881800949
    • Dart version 3.8.0
    • DevTools version 2.45.1
    • If those were intentional, you can disregard the above warnings; however it is recommended to use "git" directly to perform update checks and upgrades.

[✓] Windows Version (Windows 11 or higher, 24H2, 2009) [2,5s]

[✗] Android toolchain - develop for Android devices [246ms]
    ✗ Unable to locate Android SDK.
      Install Android Studio from: https://developer.android.com/studio/index.html
      On first launch it will assist you in installing the Android SDK components.
      (or visit https://flutter.dev/to/windows-android-setup for detailed instructions).
      If the Android SDK has been installed to a custom location, please use
      `flutter config --android-sdk` to update to that location.


[✓] Chrome - develop for the web [51ms]
    • Chrome at C:\Program Files\Google\Chrome\Application\chrome.exe

[✗] Visual Studio - develop Windows apps [47ms]
    ✗ Visual Studio not installed; this is necessary to develop Windows apps.
      Download at https://visualstudio.microsoft.com/downloads/.
      Please install the "Desktop development with C++" workload, including all of its default components

[!] Android Studio (not installed) [40ms]
    • Android Studio not found; download from https://developer.android.com/studio/index.html
      (or visit https://flutter.dev/to/windows-android-setup for detailed instructions).

[✓] VS Code (version 1.100.2) [40ms]
    • VS Code at C:\Users\Aprendiz\AppData\Local\Programs\Microsoft VS Code
    • Flutter extension version 3.110.0

[✓] Connected device (3 available) [415ms]
    • Windows (desktop) • windows • windows-x64    • Microsoft Windows [Versi¢n 10.0.26100.4061]
    • Chrome (web)      • chrome  • web-javascript • Google Chrome 136.0.7103.114
    • Edge (web)        • edge    • web-javascript • Microsoft Edge 136.0.3240.76

[✓] Network resources [1.315ms]
    • All expected network resources are available.

! Doctor found issues in 4 categories.
```
